<?xml version="1.0" encoding="UTF-8"?>
<!-- Generated by org.testng.reporters.JUnitReportReporter -->
<testsuite skipped="0" hostname="LAPTOP-KMMGN40R" name="getResponce.GetData" tests="1" failures="0" timestamp="02 Jul 2019 15:03:30 GMT" time="2.909" errors="0">
  <testcase name="getData" time="2.909" classname="getResponce.GetData"/>
</testsuite> <!-- getResponce.GetData -->
