<?xml version="1.0" encoding="UTF-8"?>
<!-- Generated by org.testng.reporters.JUnitReportReporter -->
<testsuite skipped="0" hostname="LAPTOP-KMMGN40R" name="com.qa.test.GetApiTest" tests="1" failures="0" timestamp="06 Jul 2019 16:38:46 GMT" time="3.700" errors="0">
  <testcase name="getAPITest" time="3.700" classname="com.qa.test.GetApiTest"/>
</testsuite> <!-- com.qa.test.GetApiTest -->
