<?xml version="1.0" encoding="UTF-8"?>
<!-- Generated by org.testng.reporters.JUnitReportReporter -->
<testsuite skipped="0" hostname="LAPTOP-KMMGN40R" name="com.qa.test.GetApiTest" tests="1" failures="0" timestamp="10 Jul 2019 17:34:32 GMT" time="4.994" errors="0">
  <testcase name="getAPITest" time="4.994" classname="com.qa.test.GetApiTest"/>
</testsuite> <!-- com.qa.test.GetApiTest -->
